<?xml version="1.0" encoding="UTF-8"?>
<!-- Generated by org.testng.reporters.JUnitXMLReporter -->
<testsuite ignored="1" hostname="TrangDTH" failures="0" tests="7" name="Run on FIREFOX" time="8.056" errors="0" timestamp="11 Aug 2023 04:10:20 GMT">
  <testcase classname="com.nopcommerce.common.Common_01_Register_Cookie" name="@BeforeTest beforeClass" time="7.806">
    <failure type="org.openqa.selenium.WebDriverException" message="Failed to decode response from marionette
Build info: version: &amp;apos;3.141.59&amp;apos;, revision: &amp;apos;e82be7d358&amp;apos;, time: &amp;apos;2018-11-14T08:17:03&amp;apos;
System info: host: &amp;apos;TRANGDTH&amp;apos;, ip: &amp;apos;192.168.1.111&amp;apos;, os.name: &amp;apos;Windows 10&amp;apos;, os.arch: &amp;apos;amd64&amp;apos;, os.version: &amp;apos;10.0&amp;apos;, java.version: &amp;apos;16.0.1&amp;apos;
Driver info: org.openqa.selenium.firefox.FirefoxDriver
Capabilities {acceptInsecureCerts: true, browserName: firefox, browserVersion: 114.0.2, javascriptEnabled: true, moz:accessibilityChecks: false, moz:buildID: 20230619081400, moz:geckodriverVersion: 0.33.0, moz:headless: false, moz:platformVersion: 10.0, moz:processID: 8768, moz:profile: C:\Users\HOANGT~1\AppData\L..., moz:shutdownTimeout: 60000, moz:useNonSpecCompliantPointerOrigin: false, moz:webdriverClick: true, moz:windowless: false, pageLoadStrategy: normal, platform: WINDOWS, platformName: WINDOWS, proxy: Proxy(), setWindowRect: true, strictFileInteractability: false, timeouts: {implicit: 0, pageLoad: 300000, script: 30000}, unhandledPromptBehavior: dismiss and notify}
Session ID: d48b7011-b838-4765-a70a-2ee48bcfee85
*** Element info: {Using=xpath, value=//button[contains(@class,&amp;apos;login-button&amp;apos;)]}">
      <![CDATA[org.openqa.selenium.WebDriverException: Failed to decode response from marionette
Build info: version: '3.141.59', revision: 'e82be7d358', time: '2018-11-14T08:17:03'
System info: host: 'TRANGDTH', ip: '192.168.1.111', os.name: 'Windows 10', os.arch: 'amd64', os.version: '10.0', java.version: '16.0.1'
Driver info: org.openqa.selenium.firefox.FirefoxDriver
Capabilities {acceptInsecureCerts: true, browserName: firefox, browserVersion: 114.0.2, javascriptEnabled: true, moz:accessibilityChecks: false, moz:buildID: 20230619081400, moz:geckodriverVersion: 0.33.0, moz:headless: false, moz:platformVersion: 10.0, moz:processID: 8768, moz:profile: C:\Users\HOANGT~1\AppData\L..., moz:shutdownTimeout: 60000, moz:useNonSpecCompliantPointerOrigin: false, moz:webdriverClick: true, moz:windowless: false, pageLoadStrategy: normal, platform: WINDOWS, platformName: WINDOWS, proxy: Proxy(), setWindowRect: true, strictFileInteractability: false, timeouts: {implicit: 0, pageLoad: 300000, script: 30000}, unhandledPromptBehavior: dismiss and notify}
Session ID: d48b7011-b838-4765-a70a-2ee48bcfee85
*** Element info: {Using=xpath, value=//button[contains(@class,'login-button')]}
at org.openqa.selenium.remote.http.W3CHttpResponseCodec.createException(W3CHttpResponseCodec.java:187)
at org.openqa.selenium.remote.http.W3CHttpResponseCodec.decode(W3CHttpResponseCodec.java:122)
at org.openqa.selenium.remote.http.W3CHttpResponseCodec.decode(W3CHttpResponseCodec.java:49)
at org.openqa.selenium.remote.HttpCommandExecutor.execute(HttpCommandExecutor.java:158)
at org.openqa.selenium.remote.service.DriverCommandExecutor.execute(DriverCommandExecutor.java:83)
at org.openqa.selenium.remote.RemoteWebDriver.execute(RemoteWebDriver.java:552)
at org.openqa.selenium.remote.RemoteWebDriver.findElement(RemoteWebDriver.java:323)
at org.openqa.selenium.remote.RemoteWebDriver.findElementByXPath(RemoteWebDriver.java:428)
at org.openqa.selenium.By$ByXPath.findElement(By.java:353)
at org.openqa.selenium.remote.RemoteWebDriver.findElement(RemoteWebDriver.java:315)
at org.openqa.selenium.support.ui.ExpectedConditions$7.apply(ExpectedConditions.java:205)
at org.openqa.selenium.support.ui.ExpectedConditions$7.apply(ExpectedConditions.java:201)
at org.openqa.selenium.support.ui.ExpectedConditions$22.apply(ExpectedConditions.java:641)
at org.openqa.selenium.support.ui.ExpectedConditions$22.apply(ExpectedConditions.java:638)
at org.openqa.selenium.support.ui.FluentWait.until(FluentWait.java:249)
at commons.BasePage.waitForElementClickable(BasePage.java:595)
at pageObjects.nopcommerce.User.UserLoginPageObject.clickToLoginButton(UserLoginPageObject.java:20)
at com.nopcommerce.common.Common_01_Register_Cookie.beforeClass(Common_01_Register_Cookie.java:74)
... Removed 29 stack frames]]>
    </failure>
  </testcase> <!-- @BeforeTest beforeClass -->
  <testcase classname="com.nopcommerce.user.User_Order" name="@BeforeClass beforeClass" time="0.0">
    <skipped/>
  </testcase> <!-- @BeforeClass beforeClass -->
  <testcase classname="com.nopcommerce.user.User_Order" name="@AfterClass afterClass" time="0.003">
    <failure type="java.lang.NullPointerException" message="Cannot invoke &amp;quot;String.isEmpty()&amp;quot; because &amp;quot;command&amp;quot; is null">
      <![CDATA[java.lang.NullPointerException: Cannot invoke "String.isEmpty()" because "command" is null
at java.base/java.lang.Runtime.exec(Runtime.java:407)
at java.base/java.lang.Runtime.exec(Runtime.java:311)
at commons.BaseTest.closeBrowserDriver(BaseTest.java:234)
at com.nopcommerce.user.User_Order.afterClass(User_Order.java:359)
... Removed 26 stack frames]]>
    </failure>
  </testcase> <!-- @AfterClass afterClass -->
  <testcase classname="com.nopcommerce.user.User_Order" name="TC_01_Add_Product_To_Cart" time="0.0">
    <skipped/>
  </testcase> <!-- TC_01_Add_Product_To_Cart -->
  <testcase classname="com.nopcommerce.user.User_Order" name="TC_02_Edit_Product_On_Shopping_Cart" time="0.0">
    <skipped/>
  </testcase> <!-- TC_02_Edit_Product_On_Shopping_Cart -->
  <testcase classname="com.nopcommerce.user.User_Order" name="TC_03_Remove_From_Cart" time="0.0">
    <skipped/>
  </testcase> <!-- TC_03_Remove_From_Cart -->
  <testcase classname="com.nopcommerce.user.User_Order" name="TC_04_Update_Shopping_Cart" time="0.0">
    <skipped/>
  </testcase> <!-- TC_04_Update_Shopping_Cart -->
  <testcase classname="com.nopcommerce.user.User_Order" name="TC_05_Checkout_By_Cheque" time="0.0">
    <skipped/>
  </testcase> <!-- TC_05_Checkout_By_Cheque -->
  <testcase classname="com.nopcommerce.user.User_Order" name="TC_06_Checkout_By_Cart" time="0.0">
    <skipped/>
  </testcase> <!-- TC_06_Checkout_By_Cart -->
  <testcase classname="com.nopcommerce.user.User_Order" name="TC_07_Re_Order" time="0.0">
    <skipped/>
  </testcase> <!-- TC_07_Re_Order -->
  <testcase classname="commons.BaseTest" name="@BeforeSuite initBeforeSuit" time="0.0">
    <ignored/>
  </testcase> <!-- @BeforeSuite initBeforeSuit -->
</testsuite> <!-- Run on FIREFOX -->
