<?xml version="1.0" encoding="UTF-8"?>
<!-- Generated by org.testng.reporters.JUnitReportReporter -->
<testsuite hostname="TrangDTH" failures="0" tests="8" name="com.nopcommerce.user.User_Order" time="0.001" errors="1" timestamp="23 Aug 2023 09:22:37 GMT" skipped="7">
  <testcase classname="com.nopcommerce.user.User_Order" name="TC_02_Edit_Product_On_Shopping_Cart" time="0.000">
    <skipped/>
  </testcase> <!-- TC_02_Edit_Product_On_Shopping_Cart -->
  <testcase classname="com.nopcommerce.user.User_Order" name="TC_05_Checkout_By_Cheque" time="0.000">
    <skipped/>
  </testcase> <!-- TC_05_Checkout_By_Cheque -->
  <testcase classname="com.nopcommerce.user.User_Order" name="TC_01_Add_Product_To_Cart" time="0.000">
    <skipped/>
  </testcase> <!-- TC_01_Add_Product_To_Cart -->
  <testcase classname="com.nopcommerce.user.User_Order" name="TC_03_Remove_From_Cart" time="0.000">
    <skipped/>
  </testcase> <!-- TC_03_Remove_From_Cart -->
  <testcase classname="com.nopcommerce.user.User_Order" name="afterClass" time="0.001">
    <error message="Cannot invoke &quot;String.isEmpty()&quot; because &quot;command&quot; is null" type="java.lang.NullPointerException">
      <![CDATA[java.lang.NullPointerException: Cannot invoke "String.isEmpty()" because "command" is null
at java.base/java.lang.Runtime.exec(Runtime.java:411)
at java.base/java.lang.Runtime.exec(Runtime.java:315)
at commons.BaseTest.closeBrowserDriver(BaseTest.java:294)
at com.nopcommerce.user.User_Order.afterClass(User_Order.java:798)
at java.base/jdk.internal.reflect.NativeMethodAccessorImpl.invoke0(Native Method)
at java.base/jdk.internal.reflect.NativeMethodAccessorImpl.invoke(NativeMethodAccessorImpl.java:77)
at java.base/jdk.internal.reflect.DelegatingMethodAccessorImpl.invoke(DelegatingMethodAccessorImpl.java:43)
at java.base/java.lang.reflect.Method.invoke(Method.java:568)
at org.testng.internal.MethodInvocationHelper.invokeMethod(MethodInvocationHelper.java:124)
at org.testng.internal.MethodInvocationHelper.invokeMethodConsideringTimeout(MethodInvocationHelper.java:59)
at org.testng.internal.Invoker.invokeConfigurationMethod(Invoker.java:458)
at org.testng.internal.Invoker.invokeConfigurations(Invoker.java:222)
at org.testng.internal.Invoker.invokeConfigurations(Invoker.java:142)
at org.testng.internal.TestMethodWorker.invokeAfterClassMethods(TestMethodWorker.java:214)
at org.testng.internal.TestMethodWorker.run(TestMethodWorker.java:111)
at org.testng.TestRunner.privateRun(TestRunner.java:648)
at org.testng.TestRunner.run(TestRunner.java:505)
at org.testng.SuiteRunner.runTest(SuiteRunner.java:455)
at org.testng.SuiteRunner.runSequentially(SuiteRunner.java:450)
at org.testng.SuiteRunner.privateRun(SuiteRunner.java:415)
at org.testng.SuiteRunner.run(SuiteRunner.java:364)
at org.testng.SuiteRunnerWorker.runSuite(SuiteRunnerWorker.java:52)
at org.testng.SuiteRunnerWorker.run(SuiteRunnerWorker.java:84)
at org.testng.TestNG.runSuitesSequentially(TestNG.java:1208)
at org.testng.TestNG.runSuitesLocally(TestNG.java:1137)
at org.testng.TestNG.runSuites(TestNG.java:1049)
at org.testng.TestNG.run(TestNG.java:1017)
at org.testng.remote.AbstractRemoteTestNG.run(AbstractRemoteTestNG.java:115)
at org.testng.remote.RemoteTestNG.initAndRun(RemoteTestNG.java:251)
at org.testng.remote.RemoteTestNG.main(RemoteTestNG.java:77)
]]>
    </error>
  </testcase> <!-- afterClass -->
  <testcase classname="com.nopcommerce.user.User_Order" name="TC_06_Checkout_By_Cart" time="0.000">
    <skipped/>
  </testcase> <!-- TC_06_Checkout_By_Cart -->
  <testcase classname="com.nopcommerce.user.User_Order" name="TC_04_Update_Shopping_Cart" time="0.000">
    <skipped/>
  </testcase> <!-- TC_04_Update_Shopping_Cart -->
  <testcase classname="com.nopcommerce.user.User_Order" name="TC_07_Re_Order" time="0.000">
    <skipped/>
  </testcase> <!-- TC_07_Re_Order -->
</testsuite> <!-- com.nopcommerce.user.User_Order -->
